FILE_TYPE=LIBRARY_PARTS;
PRIMITIVE 'RH06_T','RH06_T_Small Outline Packages';
  PIN
    '~_1':
      PIN_NUMBER='(1)';
      NO_LOAD_CHECK=BOTH;
      NO_IO_CHECK=BOTH;
      ALLOW_CONNECT=TRUE;
      PINUSE='UNSPEC';
    '~_2':
      PIN_NUMBER='(2)';
      NO_LOAD_CHECK=BOTH;
      NO_IO_CHECK=BOTH;
      ALLOW_CONNECT=TRUE;
      PINUSE='UNSPEC';
    '-':
      PIN_NUMBER='(4)';
      NO_LOAD_CHECK=BOTH;
      NO_IO_CHECK=BOTH;
      ALLOW_CONNECT=TRUE;
      PINUSE='UNSPEC';
    '+':
      PIN_NUMBER='(3)';
      NO_LOAD_CHECK=BOTH;
      NO_IO_CHECK=BOTH;
      ALLOW_CONNECT=TRUE;
      PINUSE='UNSPEC';
  END_PIN;
  BODY
    PART_NAME='RH06_T';
    PHYS_DES_PREFIX='BR';
    NO_LOAD_CHECK='TRUE';
    PIN_COUNT='4';
    BODY_NAME='RH06_T';
    JEDEC_TYPE='SOP250P700X300-4N';
  END_BODY;
END_PRIMITIVE;
END.
